<testsuites id="" name="" tests="2" failures="0" skipped="0" errors="0" time="5.805808">
<testsuite name="learning/02advance_topics/06crossbrowser.spec.ts" timestamp="2026-01-10T01:29:46.525Z" hostname="chromium" tests="1" failures="0" skipped="0" time="2.17" errors="0">
<testcase name="Sample Test" classname="learning/02advance_topics/06crossbrowser.spec.ts" time="2.17">
<system-out>
<![CDATA[Sample test for cross browser testing

[[ATTACHMENT|test-results/learning-02advance_topics-06crossbrowser-Sample-Test-chromium/video.webm]]
]]>
</system-out>
</testcase>
</testsuite>
<testsuite name="learning/02advance_topics/06crossbrowser.spec.ts" timestamp="2026-01-10T01:29:46.525Z" hostname="firefox" tests="1" failures="0" skipped="0" time="2.14" errors="0">
<testcase name="Sample Test" classname="learning/02advance_topics/06crossbrowser.spec.ts" time="2.14">
<system-out>
<![CDATA[Sample test for cross browser testing

[[ATTACHMENT|test-results/learning-02advance_topics-06crossbrowser-Sample-Test-firefox/video.webm]]
]]>
</system-out>
</testcase>
</testsuite>
</testsuites>